OSAL Unit Test Output File for osloader APIs

========================================================
ut_osloader TOTAL APIs: 5
ut_osloader TOTAL TEST CASES: 18

ut_osloader PASSED  15 tests.
ut_osloader FAILED   0 tests.

ut_osloader contains  2 tests that are untested OS-call-failure.
ut_osloader contains  0 tests that are manual-inspection-required.

ut_osloader contains  1 tests that are not-applicable.
========================================================

--------------------------------------------------------
ut_osloader TOTAL APIs: 5
ut_osloader TOTAL TEST CASES: 18
--------------------------------------------------------
    OS_ModuleLoad: 7
        #1 Null-pointer-arg-1 [PASSED]
        #2 Null-pointer-arg-2 [PASSED]
        #3 Null-pointer-arg-3 [PASSED]
        #4 No-free-IDs [PASSED]
        #5 Duplicate-name [PASSED]
        #6 OS-call-failure [_UOF_ ]
        #7 Nominal [PASSED]

    OS_ModuleUnload: 3
        #1 Invalid-ID-arg [PASSED]
        #2 OS-call-failure [_UOF_ ]
        #3 Nominal [PASSED]

    OS_ModuleInfo: 3
        #1 Invalid-pointer-arg [PASSED]
        #2 Invalid-ID-arg [PASSED]
        #3 Nominal [PASSED]

    OS_SymbolLookup: 4
        #1 Invalid-pointer-arg-1 [PASSED]
        #2 Invalid-pointer-arg-2 [PASSED]
        #3 Symbol-not-found [PASSED]
        #4 Nominal [PASSED]

    OS_SymbolTableDump: 1
        API Not implemented [__NA__]

--------------------------------------------------------
  TOTAL TEST CASES PASSED -> 15
--------------------------------------------------------
    PASSED [ ] OS_ModuleLoad - #1 Null-pointer-arg-1 
    PASSED [ ] OS_ModuleLoad - #2 Null-pointer-arg-2 
    PASSED [ ] OS_ModuleLoad - #3 Null-pointer-arg-3 
    PASSED [ ] OS_ModuleLoad - #4 No-free-IDs 
    PASSED [ ] OS_ModuleLoad - #5 Duplicate-name 
    PASSED [ ] OS_ModuleLoad - #7 Nominal 
    PASSED [ ] OS_ModuleUnload - #1 Invalid-ID-arg 
    PASSED [ ] OS_ModuleUnload - #3 Nominal 
    PASSED [ ] OS_ModuleInfo - #1 Invalid-pointer-arg 
    PASSED [ ] OS_ModuleInfo - #2 Invalid-ID-arg 
    PASSED [ ] OS_ModuleInfo - #3 Nominal 
    PASSED [ ] OS_SymbolLookup - #1 Invalid-pointer-arg-1 
    PASSED [ ] OS_SymbolLookup - #2 Invalid-pointer-arg-2 
    PASSED [ ] OS_SymbolLookup - #3 Symbol-not-found 
    PASSED [ ] OS_SymbolLookup - #4 Nominal 

--------------------------------------------------------
  TOTAL TEST CASES FAILED -> 0
--------------------------------------------------------

--------------------------------------------------------
  TOTAL TEST CASES MANUAL-INSPECTION-REQUIRED -> 0
--------------------------------------------------------

--------------------------------------------------------
  TOTAL TEST CASES NOT-APPLICABLE -> 1
--------------------------------------------------------
    __NA__ [ ] OS_SymbolTableDump - API Not implemented 

--------------------------------------------------------
  TOTAL TEST CASES UNTESTED-OS-CALL-FAILURE -> 2
--------------------------------------------------------
    _UOF_  [ ] OS_ModuleLoad - #6 OS-call-failure 
    _UOF_  [ ] OS_ModuleUnload - #2 OS-call-failure 


